{"docName":"sportmate_ios_mysportmate_flow","path":"~/Dropbox/SportMate/iOS/Source/Settings/sportmate_ios_mysportmate_flow","relativeImagePath":"images","imagePath":"~/Dropbox/SportMate/iOS/Source/Settings/sportmate_ios_mysportmate_flow/images","framerPath":"~/Dropbox/SportMate/iOS/Source/Settings/sportmate_ios_mysportmate_flow/framer","viewInfoPath":"~/Dropbox/SportMate/iOS/Source/Settings/sportmate_ios_mysportmate_flow/framer/views.sportmate_ios_mysportmate_flow.js","logPaths":["/tmp/framerps.log","~/Dropbox/SportMate/iOS/Source/Settings/sportmate_ios_mysportmate_flow/framer/framerps.log"]}

Running for ~/Dropbox/SportMate/iOS/Source/Settings/sportmate_ios_mysportmate_flow
Renaming ListOne -> ListOne-2
UpIcon: Exporting image
PROGRESS: 2.04081632653061
Section-3: Exporting image
UserHelpItem: Exporting image
PROGRESS: 5.10204081632653
PROGRESS: 5.10204081632653
PROGRESS: 6.12244897959184
PROGRESS: 6.12244897959184
Status bar white-5: Exporting image
Signal & Carrier-5: Exporting image
PROGRESS: 9.18367346938776
Battery-5: Exporting image
PROGRESS: 10.2040816326531
PROGRESS: 10.2040816326531
PROGRESS: 10.2040816326531
QuickViewContent: Exporting image
PROGRESS: 11.2244897959184
QuickView: Exporting image
icon--quickview@2x.png, 50% icon--quickview.png: Exporting image
PROGRESS: 14.2857142857143
PROGRESS: 14.2857142857143
Competitions: Exporting image
PROGRESS: 15.3061224489796
MyFavourites: Exporting image
icon--favourites--menu@2x.png, 50% icon--favourites--menu.png: Exporting image
PROGRESS: 17.3469387755102
Count: Exporting image
PROGRESS: 18.3673469387755
PROGRESS: 18.3673469387755
News Centre: Exporting image
icon--news--menu@2x.png, 50% icon--news--menu.png: Exporting image
PROGRESS: 20.4081632653061
PROGRESS: 20.4081632653061
MySportMate: Exporting image
My SportMate Icon: Exporting image
PROGRESS: 22.4489795918367
PROGRESS: 22.4489795918367
PROGRESS: 22.4489795918367
MainBackground: Exporting image
PROGRESS: 23.469387755102
PROGRESS: 23.469387755102
SectionAlerts: Exporting image
ListOne: Exporting image
PROGRESS: 25.5102040816327
PROGRESS: 25.5102040816327
25 views changed
Skipping ~/Dropbox/SportMate/iOS/Source/Settings/sportmate_ios_mysportmate_flow/index.html (exists)
Skipping ~/Dropbox/SportMate/iOS/Source/Settings/sportmate_ios_mysportmate_flow/app.js (exists)
Skipping ~/Dropbox/SportMate/iOS/Source/Settings/sportmate_ios_mysportmate_flow/framer/framer.js (exists)
Skipping ~/Dropbox/SportMate/iOS/Source/Settings/sportmate_ios_mysportmate_flow/framer/framerps.js (exists)

SUCCESS: ~/Dropbox/SportMate/iOS/Source/Settings/sportmate_ios_mysportmate_flow
