{"docName":"sportmate_ios_dash","path":"~/Dropbox/SportMate/iOS/Source/Dash/sportmate_ios_dash","relativeImagePath":"images","imagePath":"~/Dropbox/SportMate/iOS/Source/Dash/sportmate_ios_dash/images","framerPath":"~/Dropbox/SportMate/iOS/Source/Dash/sportmate_ios_dash/framer","viewInfoPath":"~/Dropbox/SportMate/iOS/Source/Dash/sportmate_ios_dash/framer/views.sportmate_ios_dash.js","logPaths":["/tmp/framerps.log","~/Dropbox/SportMate/iOS/Source/Dash/sportmate_ios_dash/framer/framerps.log"]}

Running for ~/Dropbox/SportMate/iOS/Source/Dash/sportmate_ios_dash
Screen: Exporting image
PROGRESS: 2.85714285714286
Scroll: Exporting image
DateHeading: Exporting image
PROGRESS: 11.4285714285714
IconAlert2: Exporting image
PROGRESS: 17.1428571428571
IconFavourite2: Exporting image
PROGRESS: 20
IconAlert1: Exporting image
PROGRESS: 22.8571428571429
IconFavourite1: Exporting image
PROGRESS: 25.7142857142857
MatchCell: Exporting image
PROGRESS: 28.5714285714286
MatchProgress-3: Exporting image
PROGRESS: 31.4285714285714
Club-6: Exporting image
Club Badge-6: Exporting image
PROGRESS: 37.1428571428571
PROGRESS: 37.1428571428571
Club-5: Exporting image
Club Badge-5: Exporting image
PROGRESS: 42.8571428571429
PROGRESS: 42.8571428571429
PROGRESS: 42.8571428571429
ViewAllFixtures: Exporting image
PROGRESS: 45.7142857142857
NewsHeading: Exporting image
PROGRESS: 48.5714285714286
NewsItem1: Exporting image
PROGRESS: 51.4285714285714
NewsItem2: Exporting image
PROGRESS: 54.2857142857143
NewsItem3: Exporting image
PROGRESS: 57.1428571428571
NewsItem4: Exporting image
PROGRESS: 60
NewsItem5: Exporting image
PROGRESS: 62.8571428571429
ViewAllNews: Exporting image
PROGRESS: 65.7142857142857
PROGRESS: 65.7142857142857
PROGRESS: 65.7142857142857
Status Bar: Exporting image
Status bar white: Exporting image
Signal & Carrier: Exporting image
PROGRESS: 77.1428571428572
Battery: Exporting image
PROGRESS: 80
PROGRESS: 80
PROGRESS: 80
NavBar: Exporting image
IconBack: Exporting image
PROGRESS: 85.7142857142857
BurgerMenu: Exporting image
PROGRESS: 88.5714285714286
PROGRESS: 88.5714285714286
ResultsHeading: Exporting image
Fixtures: Exporting image
PROGRESS: 97.1428571428571
NextFixtures: Exporting image
PROGRESS: 100
PROGRESS: 100
PROGRESS: 100
PROGRESS: 100
35 views changed
Skipping ~/Dropbox/SportMate/iOS/Source/Dash/sportmate_ios_dash/index.html (exists)
Skipping ~/Dropbox/SportMate/iOS/Source/Dash/sportmate_ios_dash/app.js (exists)
Skipping ~/Dropbox/SportMate/iOS/Source/Dash/sportmate_ios_dash/framer/framer.js (exists)
Skipping ~/Dropbox/SportMate/iOS/Source/Dash/sportmate_ios_dash/framer/framerps.js (exists)

SUCCESS: ~/Dropbox/SportMate/iOS/Source/Dash/sportmate_ios_dash
